Build started 3/16/2015 6:57:13 PM.
     1>Project "C:\Users\SWAGpad\Documents\GitHub\School\Spring2015\CS134\GameWindow\GameWindow\GameWindow.vcxproj" on node 2 (Build target(s)).
     1>ClCompile:
         C:\Program Files (x86)\Microsoft Visual Studio 12.0\VC\bin\CL.exe /c /Zi /nologo /W3 /WX- /sdl /O2 /Oi /Oy- /GL /D _MBCS /Gm- /EHsc /MT /GS /Gy /fp:precise /Zc:wchar_t /Zc:forScope /Fo"Release\\" /Fd"Release\vc120.pdb" /Gd /TC /analyze- /errorReport:prompt DrawUtils.c GameWindow.c
         DrawUtils.c
         GameWindow.c
     1>GameWindow.c(30): warning C4244: '=' : conversion from 'double' to 'int', possible loss of data
     1>GameWindow.c(32): warning C4018: '<=' : signed/unsigned mismatch
     1>GameWindow.c(32): warning C4018: '>=' : signed/unsigned mismatch
     1>GameWindow.c(125): error C2143: syntax error : missing ';' before '<<'
     1>GameWindow.c(127): error C2065: 'textures' : undeclared identifier
     1>GameWindow.c(127): error C2109: subscript requires array or pointer type
     1>GameWindow.c(128): error C2065: 'textures' : undeclared identifier
     1>GameWindow.c(128): error C2109: subscript requires array or pointer type
     1>GameWindow.c(129): error C2065: 'textures' : undeclared identifier
     1>GameWindow.c(129): error C2109: subscript requires array or pointer type
     1>GameWindow.c(130): error C2065: 'textures' : undeclared identifier
     1>GameWindow.c(130): error C2109: subscript requires array or pointer type
     1>GameWindow.c(134): error C2143: syntax error : missing ';' before '=='
     1>GameWindow.c(135): error C2374: 'itemHeight' : redefinition; multiple initialization
                 GameWindow.c(133) : see declaration of 'itemHeight'
     1>GameWindow.c(135): error C2374: 'itemWidth' : redefinition; multiple initialization
                 GameWindow.c(133) : see declaration of 'itemWidth'
     1>GameWindow.c(136): error C2143: syntax error : missing ';' before '>>'
     1>Done Building Project "C:\Users\SWAGpad\Documents\GitHub\School\Spring2015\CS134\GameWindow\GameWindow\GameWindow.vcxproj" (Build target(s)) -- FAILED.

Build FAILED.

Time Elapsed 00:00:00.48
